Analysis & Synthesis report for misc
Sun Nov  3 23:04:41 2019
Quartus II 64-Bit Version 15.0.0 Build 145 04/22/2015 SJ Web Edition


---------------------
; Table of Contents ;
---------------------
  1. Legal Notice
  2. Analysis & Synthesis Summary
  3. Analysis & Synthesis Settings
  4. Parallel Compilation
  5. Analysis & Synthesis Source Files Read
  6. Analysis & Synthesis Resource Usage Summary
  7. Analysis & Synthesis Resource Utilization by Entity
  8. General Register Statistics
  9. Analysis & Synthesis Messages



----------------
; Legal Notice ;
----------------
Copyright (C) 1991-2015 Altera Corporation. All rights reserved.
Your use of Altera Corporation's design tools, logic functions 
and other software and tools, and its AMPP partner logic 
functions, and any output files from any of the foregoing 
(including device programming or simulation files), and any 
associated documentation or information are expressly subject 
to the terms and conditions of the Altera Program License 
Subscription Agreement, the Altera Quartus II License Agreement,
the Altera MegaCore Function License Agreement, or other 
applicable license agreement, including, without limitation, 
that your use is for the sole purpose of programming logic 
devices manufactured by Altera and sold by Altera or its 
authorized distributors.  Please refer to the applicable 
agreement for further details.



+--------------------------------------------------------------------------+
; Analysis & Synthesis Summary                                             ;
+-----------------------------+--------------------------------------------+
; Analysis & Synthesis Status ; Successful - Sun Nov  3 23:04:41 2019      ;
; Quartus II 64-Bit Version   ; 15.0.0 Build 145 04/22/2015 SJ Web Edition ;
; Revision Name               ; misc                                       ;
; Top-level Entity Name       ; misc                                       ;
; Family                      ; MAX II                                     ;
; Total logic elements        ; 65                                         ;
; Total pins                  ; 67                                         ;
; Total virtual pins          ; 0                                          ;
; UFM blocks                  ; 0 / 1 ( 0 % )                              ;
+-----------------------------+--------------------------------------------+


+----------------------------------------------------------------------------------------------------------------------+
; Analysis & Synthesis Settings                                                                                        ;
+----------------------------------------------------------------------------+--------------------+--------------------+
; Option                                                                     ; Setting            ; Default Value      ;
+----------------------------------------------------------------------------+--------------------+--------------------+
; Device                                                                     ; EPM1270T144C5      ;                    ;
; Top-level entity name                                                      ; misc               ; misc               ;
; Family name                                                                ; MAX II             ; Cyclone V          ;
; Use smart compilation                                                      ; Off                ; Off                ;
; Enable parallel Assembler and TimeQuest Timing Analyzer during compilation ; On                 ; On                 ;
; Enable compact report table                                                ; Off                ; Off                ;
; Restructure Multiplexers                                                   ; Auto               ; Auto               ;
; Create Debugging Nodes for IP Cores                                        ; Off                ; Off                ;
; Preserve fewer node names                                                  ; On                 ; On                 ;
; Disable OpenCore Plus hardware evaluation                                  ; Off                ; Off                ;
; Verilog Version                                                            ; Verilog_2001       ; Verilog_2001       ;
; VHDL Version                                                               ; VHDL_1993          ; VHDL_1993          ;
; State Machine Processing                                                   ; Auto               ; Auto               ;
; Safe State Machine                                                         ; Off                ; Off                ;
; Extract Verilog State Machines                                             ; On                 ; On                 ;
; Extract VHDL State Machines                                                ; On                 ; On                 ;
; Ignore Verilog initial constructs                                          ; Off                ; Off                ;
; Iteration limit for constant Verilog loops                                 ; 5000               ; 5000               ;
; Iteration limit for non-constant Verilog loops                             ; 250                ; 250                ;
; Add Pass-Through Logic to Inferred RAMs                                    ; On                 ; On                 ;
; Infer RAMs from Raw Logic                                                  ; On                 ; On                 ;
; Parallel Synthesis                                                         ; On                 ; On                 ;
; NOT Gate Push-Back                                                         ; On                 ; On                 ;
; Power-Up Don't Care                                                        ; On                 ; On                 ;
; Remove Redundant Logic Cells                                               ; Off                ; Off                ;
; Remove Duplicate Registers                                                 ; On                 ; On                 ;
; Ignore CARRY Buffers                                                       ; Off                ; Off                ;
; Ignore CASCADE Buffers                                                     ; Off                ; Off                ;
; Ignore GLOBAL Buffers                                                      ; Off                ; Off                ;
; Ignore ROW GLOBAL Buffers                                                  ; Off                ; Off                ;
; Ignore LCELL Buffers                                                       ; Off                ; Off                ;
; Ignore SOFT Buffers                                                        ; On                 ; On                 ;
; Limit AHDL Integers to 32 Bits                                             ; Off                ; Off                ;
; Optimization Technique                                                     ; Balanced           ; Balanced           ;
; Carry Chain Length                                                         ; 70                 ; 70                 ;
; Auto Carry Chains                                                          ; On                 ; On                 ;
; Auto Open-Drain Pins                                                       ; On                 ; On                 ;
; Perform WYSIWYG Primitive Resynthesis                                      ; Off                ; Off                ;
; Auto Shift Register Replacement                                            ; Auto               ; Auto               ;
; Allow Shift Register Merging across Hierarchies                            ; Auto               ; Auto               ;
; Auto Clock Enable Replacement                                              ; On                 ; On                 ;
; Allow Synchronous Control Signals                                          ; On                 ; On                 ;
; Force Use of Synchronous Clear Signals                                     ; Off                ; Off                ;
; Auto Resource Sharing                                                      ; Off                ; Off                ;
; Use LogicLock Constraints during Resource Balancing                        ; On                 ; On                 ;
; Ignore translate_off and synthesis_off directives                          ; Off                ; Off                ;
; Report Parameter Settings                                                  ; On                 ; On                 ;
; Report Source Assignments                                                  ; On                 ; On                 ;
; Report Connectivity Checks                                                 ; On                 ; On                 ;
; Ignore Maximum Fan-Out Assignments                                         ; Off                ; Off                ;
; Synchronization Register Chain Length                                      ; 2                  ; 2                  ;
; PowerPlay Power Optimization During Synthesis                              ; Normal compilation ; Normal compilation ;
; HDL message level                                                          ; Level2             ; Level2             ;
; Suppress Register Optimization Related Messages                            ; Off                ; Off                ;
; Number of Removed Registers Reported in Synthesis Report                   ; 5000               ; 5000               ;
; Number of Swept Nodes Reported in Synthesis Report                         ; 5000               ; 5000               ;
; Number of Inverted Registers Reported in Synthesis Report                  ; 100                ; 100                ;
; Clock MUX Protection                                                       ; On                 ; On                 ;
; Block Design Naming                                                        ; Auto               ; Auto               ;
; Synthesis Effort                                                           ; Auto               ; Auto               ;
; Shift Register Replacement - Allow Asynchronous Clear Signal               ; On                 ; On                 ;
; Analysis & Synthesis Message Level                                         ; Medium             ; Medium             ;
; Disable Register Merging Across Hierarchies                                ; Auto               ; Auto               ;
; Synthesis Seed                                                             ; 1                  ; 1                  ;
+----------------------------------------------------------------------------+--------------------+--------------------+


Parallel compilation was disabled, but you have multiple processors available. Enable parallel compilation to reduce compilation time.
+-------------------------------------+
; Parallel Compilation                ;
+----------------------------+--------+
; Processors                 ; Number ;
+----------------------------+--------+
; Number detected on machine ; 12     ;
; Maximum allowed            ; 1      ;
+----------------------------+--------+


+----------------------------------------------------------------------------------------------------------------------+
; Analysis & Synthesis Source Files Read                                                                               ;
+----------------------------------+-----------------+------------------------+------------------------------+---------+
; File Name with User-Entered Path ; Used in Netlist ; File Type              ; File Name with Absolute Path ; Library ;
+----------------------------------+-----------------+------------------------+------------------------------+---------+
; misc.v                           ; yes             ; User Verilog HDL File  ; /opt/verilog/misc.v          ;         ;
+----------------------------------+-----------------+------------------------+------------------------------+---------+


+-----------------------------------------------------+
; Analysis & Synthesis Resource Usage Summary         ;
+---------------------------------------------+-------+
; Resource                                    ; Usage ;
+---------------------------------------------+-------+
; Total logic elements                        ; 65    ;
;     -- Combinational with no register       ; 0     ;
;     -- Register only                        ; 0     ;
;     -- Combinational with a register        ; 65    ;
;                                             ;       ;
; Logic element usage by number of LUT inputs ;       ;
;     -- 4 input functions                    ; 0     ;
;     -- 3 input functions                    ; 0     ;
;     -- 2 input functions                    ; 0     ;
;     -- 1 input functions                    ; 65    ;
;     -- 0 input functions                    ; 0     ;
;                                             ;       ;
; Logic elements by mode                      ;       ;
;     -- normal mode                          ; 65    ;
;     -- arithmetic mode                      ; 0     ;
;     -- qfbk mode                            ; 0     ;
;     -- register cascade mode                ; 0     ;
;     -- synchronous clear/load mode          ; 0     ;
;     -- asynchronous clear/load mode         ; 65    ;
;                                             ;       ;
; Total registers                             ; 65    ;
; I/O pins                                    ; 67    ;
; Maximum fan-out node                        ; reset ;
; Maximum fan-out                             ; 65    ;
; Total fan-out                               ; 260   ;
; Average fan-out                             ; 1.97  ;
+---------------------------------------------+-------+


+-----------------------------------------------------------------------------------------------------------------------------------------------------------------------------------------------------------------------------+
; Analysis & Synthesis Resource Utilization by Entity                                                                                                                                                                         ;
+----------------------------+-------------+--------------+------------+------+--------------+--------------+-------------------+------------------+-----------------+------------+----------------------------+--------------+
; Compilation Hierarchy Node ; Logic Cells ; LC Registers ; UFM Blocks ; Pins ; Virtual Pins ; LUT-Only LCs ; Register-Only LCs ; LUT/Register LCs ; Carry Chain LCs ; Packed LCs ; Full Hierarchy Name        ; Library Name ;
+----------------------------+-------------+--------------+------------+------+--------------+--------------+-------------------+------------------+-----------------+------------+----------------------------+--------------+
; |misc                      ; 65 (0)      ; 65           ; 0          ; 67   ; 0            ; 0 (0)        ; 0 (0)             ; 65 (0)           ; 0 (0)           ; 0 (0)      ; |misc                      ; work         ;
;    |T_FF:tff0|             ; 1 (0)       ; 1            ; 0          ; 0    ; 0            ; 0 (0)        ; 0 (0)             ; 1 (0)            ; 0 (0)           ; 0 (0)      ; |misc|T_FF:tff0            ; work         ;
;       |D_FF:dff0|          ; 1 (1)       ; 1            ; 0          ; 0    ; 0            ; 0 (0)        ; 0 (0)             ; 1 (1)            ; 0 (0)           ; 0 (0)      ; |misc|T_FF:tff0|D_FF:dff0  ; work         ;
;    |T_FF:tff10|            ; 1 (0)       ; 1            ; 0          ; 0    ; 0            ; 0 (0)        ; 0 (0)             ; 1 (0)            ; 0 (0)           ; 0 (0)      ; |misc|T_FF:tff10           ; work         ;
;       |D_FF:dff0|          ; 1 (1)       ; 1            ; 0          ; 0    ; 0            ; 0 (0)        ; 0 (0)             ; 1 (1)            ; 0 (0)           ; 0 (0)      ; |misc|T_FF:tff10|D_FF:dff0 ; work         ;
;    |T_FF:tff11|            ; 1 (0)       ; 1            ; 0          ; 0    ; 0            ; 0 (0)        ; 0 (0)             ; 1 (0)            ; 0 (0)           ; 0 (0)      ; |misc|T_FF:tff11           ; work         ;
;       |D_FF:dff0|          ; 1 (1)       ; 1            ; 0          ; 0    ; 0            ; 0 (0)        ; 0 (0)             ; 1 (1)            ; 0 (0)           ; 0 (0)      ; |misc|T_FF:tff11|D_FF:dff0 ; work         ;
;    |T_FF:tff12|            ; 1 (0)       ; 1            ; 0          ; 0    ; 0            ; 0 (0)        ; 0 (0)             ; 1 (0)            ; 0 (0)           ; 0 (0)      ; |misc|T_FF:tff12           ; work         ;
;       |D_FF:dff0|          ; 1 (1)       ; 1            ; 0          ; 0    ; 0            ; 0 (0)        ; 0 (0)             ; 1 (1)            ; 0 (0)           ; 0 (0)      ; |misc|T_FF:tff12|D_FF:dff0 ; work         ;
;    |T_FF:tff13|            ; 1 (0)       ; 1            ; 0          ; 0    ; 0            ; 0 (0)        ; 0 (0)             ; 1 (0)            ; 0 (0)           ; 0 (0)      ; |misc|T_FF:tff13           ; work         ;
;       |D_FF:dff0|          ; 1 (1)       ; 1            ; 0          ; 0    ; 0            ; 0 (0)        ; 0 (0)             ; 1 (1)            ; 0 (0)           ; 0 (0)      ; |misc|T_FF:tff13|D_FF:dff0 ; work         ;
;    |T_FF:tff14|            ; 1 (0)       ; 1            ; 0          ; 0    ; 0            ; 0 (0)        ; 0 (0)             ; 1 (0)            ; 0 (0)           ; 0 (0)      ; |misc|T_FF:tff14           ; work         ;
;       |D_FF:dff0|          ; 1 (1)       ; 1            ; 0          ; 0    ; 0            ; 0 (0)        ; 0 (0)             ; 1 (1)            ; 0 (0)           ; 0 (0)      ; |misc|T_FF:tff14|D_FF:dff0 ; work         ;
;    |T_FF:tff15|            ; 1 (0)       ; 1            ; 0          ; 0    ; 0            ; 0 (0)        ; 0 (0)             ; 1 (0)            ; 0 (0)           ; 0 (0)      ; |misc|T_FF:tff15           ; work         ;
;       |D_FF:dff0|          ; 1 (1)       ; 1            ; 0          ; 0    ; 0            ; 0 (0)        ; 0 (0)             ; 1 (1)            ; 0 (0)           ; 0 (0)      ; |misc|T_FF:tff15|D_FF:dff0 ; work         ;
;    |T_FF:tff16|            ; 1 (0)       ; 1            ; 0          ; 0    ; 0            ; 0 (0)        ; 0 (0)             ; 1 (0)            ; 0 (0)           ; 0 (0)      ; |misc|T_FF:tff16           ; work         ;
;       |D_FF:dff0|          ; 1 (1)       ; 1            ; 0          ; 0    ; 0            ; 0 (0)        ; 0 (0)             ; 1 (1)            ; 0 (0)           ; 0 (0)      ; |misc|T_FF:tff16|D_FF:dff0 ; work         ;
;    |T_FF:tff17|            ; 1 (0)       ; 1            ; 0          ; 0    ; 0            ; 0 (0)        ; 0 (0)             ; 1 (0)            ; 0 (0)           ; 0 (0)      ; |misc|T_FF:tff17           ; work         ;
;       |D_FF:dff0|          ; 1 (1)       ; 1            ; 0          ; 0    ; 0            ; 0 (0)        ; 0 (0)             ; 1 (1)            ; 0 (0)           ; 0 (0)      ; |misc|T_FF:tff17|D_FF:dff0 ; work         ;
;    |T_FF:tff18|            ; 1 (0)       ; 1            ; 0          ; 0    ; 0            ; 0 (0)        ; 0 (0)             ; 1 (0)            ; 0 (0)           ; 0 (0)      ; |misc|T_FF:tff18           ; work         ;
;       |D_FF:dff0|          ; 1 (1)       ; 1            ; 0          ; 0    ; 0            ; 0 (0)        ; 0 (0)             ; 1 (1)            ; 0 (0)           ; 0 (0)      ; |misc|T_FF:tff18|D_FF:dff0 ; work         ;
;    |T_FF:tff19|            ; 1 (0)       ; 1            ; 0          ; 0    ; 0            ; 0 (0)        ; 0 (0)             ; 1 (0)            ; 0 (0)           ; 0 (0)      ; |misc|T_FF:tff19           ; work         ;
;       |D_FF:dff0|          ; 1 (1)       ; 1            ; 0          ; 0    ; 0            ; 0 (0)        ; 0 (0)             ; 1 (1)            ; 0 (0)           ; 0 (0)      ; |misc|T_FF:tff19|D_FF:dff0 ; work         ;
;    |T_FF:tff1|             ; 1 (0)       ; 1            ; 0          ; 0    ; 0            ; 0 (0)        ; 0 (0)             ; 1 (0)            ; 0 (0)           ; 0 (0)      ; |misc|T_FF:tff1            ; work         ;
;       |D_FF:dff0|          ; 1 (1)       ; 1            ; 0          ; 0    ; 0            ; 0 (0)        ; 0 (0)             ; 1 (1)            ; 0 (0)           ; 0 (0)      ; |misc|T_FF:tff1|D_FF:dff0  ; work         ;
;    |T_FF:tff20|            ; 1 (0)       ; 1            ; 0          ; 0    ; 0            ; 0 (0)        ; 0 (0)             ; 1 (0)            ; 0 (0)           ; 0 (0)      ; |misc|T_FF:tff20           ; work         ;
;       |D_FF:dff0|          ; 1 (1)       ; 1            ; 0          ; 0    ; 0            ; 0 (0)        ; 0 (0)             ; 1 (1)            ; 0 (0)           ; 0 (0)      ; |misc|T_FF:tff20|D_FF:dff0 ; work         ;
;    |T_FF:tff21|            ; 1 (0)       ; 1            ; 0          ; 0    ; 0            ; 0 (0)        ; 0 (0)             ; 1 (0)            ; 0 (0)           ; 0 (0)      ; |misc|T_FF:tff21           ; work         ;
;       |D_FF:dff0|          ; 1 (1)       ; 1            ; 0          ; 0    ; 0            ; 0 (0)        ; 0 (0)             ; 1 (1)            ; 0 (0)           ; 0 (0)      ; |misc|T_FF:tff21|D_FF:dff0 ; work         ;
;    |T_FF:tff22|            ; 1 (0)       ; 1            ; 0          ; 0    ; 0            ; 0 (0)        ; 0 (0)             ; 1 (0)            ; 0 (0)           ; 0 (0)      ; |misc|T_FF:tff22           ; work         ;
;       |D_FF:dff0|          ; 1 (1)       ; 1            ; 0          ; 0    ; 0            ; 0 (0)        ; 0 (0)             ; 1 (1)            ; 0 (0)           ; 0 (0)      ; |misc|T_FF:tff22|D_FF:dff0 ; work         ;
;    |T_FF:tff23|            ; 1 (0)       ; 1            ; 0          ; 0    ; 0            ; 0 (0)        ; 0 (0)             ; 1 (0)            ; 0 (0)           ; 0 (0)      ; |misc|T_FF:tff23           ; work         ;
;       |D_FF:dff0|          ; 1 (1)       ; 1            ; 0          ; 0    ; 0            ; 0 (0)        ; 0 (0)             ; 1 (1)            ; 0 (0)           ; 0 (0)      ; |misc|T_FF:tff23|D_FF:dff0 ; work         ;
;    |T_FF:tff24|            ; 1 (0)       ; 1            ; 0          ; 0    ; 0            ; 0 (0)        ; 0 (0)             ; 1 (0)            ; 0 (0)           ; 0 (0)      ; |misc|T_FF:tff24           ; work         ;
;       |D_FF:dff0|          ; 1 (1)       ; 1            ; 0          ; 0    ; 0            ; 0 (0)        ; 0 (0)             ; 1 (1)            ; 0 (0)           ; 0 (0)      ; |misc|T_FF:tff24|D_FF:dff0 ; work         ;
;    |T_FF:tff25|            ; 1 (0)       ; 1            ; 0          ; 0    ; 0            ; 0 (0)        ; 0 (0)             ; 1 (0)            ; 0 (0)           ; 0 (0)      ; |misc|T_FF:tff25           ; work         ;
;       |D_FF:dff0|          ; 1 (1)       ; 1            ; 0          ; 0    ; 0            ; 0 (0)        ; 0 (0)             ; 1 (1)            ; 0 (0)           ; 0 (0)      ; |misc|T_FF:tff25|D_FF:dff0 ; work         ;
;    |T_FF:tff26|            ; 1 (0)       ; 1            ; 0          ; 0    ; 0            ; 0 (0)        ; 0 (0)             ; 1 (0)            ; 0 (0)           ; 0 (0)      ; |misc|T_FF:tff26           ; work         ;
;       |D_FF:dff0|          ; 1 (1)       ; 1            ; 0          ; 0    ; 0            ; 0 (0)        ; 0 (0)             ; 1 (1)            ; 0 (0)           ; 0 (0)      ; |misc|T_FF:tff26|D_FF:dff0 ; work         ;
;    |T_FF:tff27|            ; 1 (0)       ; 1            ; 0          ; 0    ; 0            ; 0 (0)        ; 0 (0)             ; 1 (0)            ; 0 (0)           ; 0 (0)      ; |misc|T_FF:tff27           ; work         ;
;       |D_FF:dff0|          ; 1 (1)       ; 1            ; 0          ; 0    ; 0            ; 0 (0)        ; 0 (0)             ; 1 (1)            ; 0 (0)           ; 0 (0)      ; |misc|T_FF:tff27|D_FF:dff0 ; work         ;
;    |T_FF:tff28|            ; 1 (0)       ; 1            ; 0          ; 0    ; 0            ; 0 (0)        ; 0 (0)             ; 1 (0)            ; 0 (0)           ; 0 (0)      ; |misc|T_FF:tff28           ; work         ;
;       |D_FF:dff0|          ; 1 (1)       ; 1            ; 0          ; 0    ; 0            ; 0 (0)        ; 0 (0)             ; 1 (1)            ; 0 (0)           ; 0 (0)      ; |misc|T_FF:tff28|D_FF:dff0 ; work         ;
;    |T_FF:tff29|            ; 1 (0)       ; 1            ; 0          ; 0    ; 0            ; 0 (0)        ; 0 (0)             ; 1 (0)            ; 0 (0)           ; 0 (0)      ; |misc|T_FF:tff29           ; work         ;
;       |D_FF:dff0|          ; 1 (1)       ; 1            ; 0          ; 0    ; 0            ; 0 (0)        ; 0 (0)             ; 1 (1)            ; 0 (0)           ; 0 (0)      ; |misc|T_FF:tff29|D_FF:dff0 ; work         ;
;    |T_FF:tff2|             ; 1 (0)       ; 1            ; 0          ; 0    ; 0            ; 0 (0)        ; 0 (0)             ; 1 (0)            ; 0 (0)           ; 0 (0)      ; |misc|T_FF:tff2            ; work         ;
;       |D_FF:dff0|          ; 1 (1)       ; 1            ; 0          ; 0    ; 0            ; 0 (0)        ; 0 (0)             ; 1 (1)            ; 0 (0)           ; 0 (0)      ; |misc|T_FF:tff2|D_FF:dff0  ; work         ;
;    |T_FF:tff30|            ; 1 (0)       ; 1            ; 0          ; 0    ; 0            ; 0 (0)        ; 0 (0)             ; 1 (0)            ; 0 (0)           ; 0 (0)      ; |misc|T_FF:tff30           ; work         ;
;       |D_FF:dff0|          ; 1 (1)       ; 1            ; 0          ; 0    ; 0            ; 0 (0)        ; 0 (0)             ; 1 (1)            ; 0 (0)           ; 0 (0)      ; |misc|T_FF:tff30|D_FF:dff0 ; work         ;
;    |T_FF:tff31|            ; 1 (0)       ; 1            ; 0          ; 0    ; 0            ; 0 (0)        ; 0 (0)             ; 1 (0)            ; 0 (0)           ; 0 (0)      ; |misc|T_FF:tff31           ; work         ;
;       |D_FF:dff0|          ; 1 (1)       ; 1            ; 0          ; 0    ; 0            ; 0 (0)        ; 0 (0)             ; 1 (1)            ; 0 (0)           ; 0 (0)      ; |misc|T_FF:tff31|D_FF:dff0 ; work         ;
;    |T_FF:tff32|            ; 1 (0)       ; 1            ; 0          ; 0    ; 0            ; 0 (0)        ; 0 (0)             ; 1 (0)            ; 0 (0)           ; 0 (0)      ; |misc|T_FF:tff32           ; work         ;
;       |D_FF:dff0|          ; 1 (1)       ; 1            ; 0          ; 0    ; 0            ; 0 (0)        ; 0 (0)             ; 1 (1)            ; 0 (0)           ; 0 (0)      ; |misc|T_FF:tff32|D_FF:dff0 ; work         ;
;    |T_FF:tff33|            ; 1 (0)       ; 1            ; 0          ; 0    ; 0            ; 0 (0)        ; 0 (0)             ; 1 (0)            ; 0 (0)           ; 0 (0)      ; |misc|T_FF:tff33           ; work         ;
;       |D_FF:dff0|          ; 1 (1)       ; 1            ; 0          ; 0    ; 0            ; 0 (0)        ; 0 (0)             ; 1 (1)            ; 0 (0)           ; 0 (0)      ; |misc|T_FF:tff33|D_FF:dff0 ; work         ;
;    |T_FF:tff34|            ; 1 (0)       ; 1            ; 0          ; 0    ; 0            ; 0 (0)        ; 0 (0)             ; 1 (0)            ; 0 (0)           ; 0 (0)      ; |misc|T_FF:tff34           ; work         ;
;       |D_FF:dff0|          ; 1 (1)       ; 1            ; 0          ; 0    ; 0            ; 0 (0)        ; 0 (0)             ; 1 (1)            ; 0 (0)           ; 0 (0)      ; |misc|T_FF:tff34|D_FF:dff0 ; work         ;
;    |T_FF:tff35|            ; 1 (0)       ; 1            ; 0          ; 0    ; 0            ; 0 (0)        ; 0 (0)             ; 1 (0)            ; 0 (0)           ; 0 (0)      ; |misc|T_FF:tff35           ; work         ;
;       |D_FF:dff0|          ; 1 (1)       ; 1            ; 0          ; 0    ; 0            ; 0 (0)        ; 0 (0)             ; 1 (1)            ; 0 (0)           ; 0 (0)      ; |misc|T_FF:tff35|D_FF:dff0 ; work         ;
;    |T_FF:tff36|            ; 1 (0)       ; 1            ; 0          ; 0    ; 0            ; 0 (0)        ; 0 (0)             ; 1 (0)            ; 0 (0)           ; 0 (0)      ; |misc|T_FF:tff36           ; work         ;
;       |D_FF:dff0|          ; 1 (1)       ; 1            ; 0          ; 0    ; 0            ; 0 (0)        ; 0 (0)             ; 1 (1)            ; 0 (0)           ; 0 (0)      ; |misc|T_FF:tff36|D_FF:dff0 ; work         ;
;    |T_FF:tff37|            ; 1 (0)       ; 1            ; 0          ; 0    ; 0            ; 0 (0)        ; 0 (0)             ; 1 (0)            ; 0 (0)           ; 0 (0)      ; |misc|T_FF:tff37           ; work         ;
;       |D_FF:dff0|          ; 1 (1)       ; 1            ; 0          ; 0    ; 0            ; 0 (0)        ; 0 (0)             ; 1 (1)            ; 0 (0)           ; 0 (0)      ; |misc|T_FF:tff37|D_FF:dff0 ; work         ;
;    |T_FF:tff38|            ; 1 (0)       ; 1            ; 0          ; 0    ; 0            ; 0 (0)        ; 0 (0)             ; 1 (0)            ; 0 (0)           ; 0 (0)      ; |misc|T_FF:tff38           ; work         ;
;       |D_FF:dff0|          ; 1 (1)       ; 1            ; 0          ; 0    ; 0            ; 0 (0)        ; 0 (0)             ; 1 (1)            ; 0 (0)           ; 0 (0)      ; |misc|T_FF:tff38|D_FF:dff0 ; work         ;
;    |T_FF:tff39|            ; 1 (0)       ; 1            ; 0          ; 0    ; 0            ; 0 (0)        ; 0 (0)             ; 1 (0)            ; 0 (0)           ; 0 (0)      ; |misc|T_FF:tff39           ; work         ;
;       |D_FF:dff0|          ; 1 (1)       ; 1            ; 0          ; 0    ; 0            ; 0 (0)        ; 0 (0)             ; 1 (1)            ; 0 (0)           ; 0 (0)      ; |misc|T_FF:tff39|D_FF:dff0 ; work         ;
;    |T_FF:tff3|             ; 1 (0)       ; 1            ; 0          ; 0    ; 0            ; 0 (0)        ; 0 (0)             ; 1 (0)            ; 0 (0)           ; 0 (0)      ; |misc|T_FF:tff3            ; work         ;
;       |D_FF:dff0|          ; 1 (1)       ; 1            ; 0          ; 0    ; 0            ; 0 (0)        ; 0 (0)             ; 1 (1)            ; 0 (0)           ; 0 (0)      ; |misc|T_FF:tff3|D_FF:dff0  ; work         ;
;    |T_FF:tff40|            ; 1 (0)       ; 1            ; 0          ; 0    ; 0            ; 0 (0)        ; 0 (0)             ; 1 (0)            ; 0 (0)           ; 0 (0)      ; |misc|T_FF:tff40           ; work         ;
;       |D_FF:dff0|          ; 1 (1)       ; 1            ; 0          ; 0    ; 0            ; 0 (0)        ; 0 (0)             ; 1 (1)            ; 0 (0)           ; 0 (0)      ; |misc|T_FF:tff40|D_FF:dff0 ; work         ;
;    |T_FF:tff41|            ; 1 (0)       ; 1            ; 0          ; 0    ; 0            ; 0 (0)        ; 0 (0)             ; 1 (0)            ; 0 (0)           ; 0 (0)      ; |misc|T_FF:tff41           ; work         ;
;       |D_FF:dff0|          ; 1 (1)       ; 1            ; 0          ; 0    ; 0            ; 0 (0)        ; 0 (0)             ; 1 (1)            ; 0 (0)           ; 0 (0)      ; |misc|T_FF:tff41|D_FF:dff0 ; work         ;
;    |T_FF:tff42|            ; 1 (0)       ; 1            ; 0          ; 0    ; 0            ; 0 (0)        ; 0 (0)             ; 1 (0)            ; 0 (0)           ; 0 (0)      ; |misc|T_FF:tff42           ; work         ;
;       |D_FF:dff0|          ; 1 (1)       ; 1            ; 0          ; 0    ; 0            ; 0 (0)        ; 0 (0)             ; 1 (1)            ; 0 (0)           ; 0 (0)      ; |misc|T_FF:tff42|D_FF:dff0 ; work         ;
;    |T_FF:tff43|            ; 1 (0)       ; 1            ; 0          ; 0    ; 0            ; 0 (0)        ; 0 (0)             ; 1 (0)            ; 0 (0)           ; 0 (0)      ; |misc|T_FF:tff43           ; work         ;
;       |D_FF:dff0|          ; 1 (1)       ; 1            ; 0          ; 0    ; 0            ; 0 (0)        ; 0 (0)             ; 1 (1)            ; 0 (0)           ; 0 (0)      ; |misc|T_FF:tff43|D_FF:dff0 ; work         ;
;    |T_FF:tff44|            ; 1 (0)       ; 1            ; 0          ; 0    ; 0            ; 0 (0)        ; 0 (0)             ; 1 (0)            ; 0 (0)           ; 0 (0)      ; |misc|T_FF:tff44           ; work         ;
;       |D_FF:dff0|          ; 1 (1)       ; 1            ; 0          ; 0    ; 0            ; 0 (0)        ; 0 (0)             ; 1 (1)            ; 0 (0)           ; 0 (0)      ; |misc|T_FF:tff44|D_FF:dff0 ; work         ;
;    |T_FF:tff45|            ; 1 (0)       ; 1            ; 0          ; 0    ; 0            ; 0 (0)        ; 0 (0)             ; 1 (0)            ; 0 (0)           ; 0 (0)      ; |misc|T_FF:tff45           ; work         ;
;       |D_FF:dff0|          ; 1 (1)       ; 1            ; 0          ; 0    ; 0            ; 0 (0)        ; 0 (0)             ; 1 (1)            ; 0 (0)           ; 0 (0)      ; |misc|T_FF:tff45|D_FF:dff0 ; work         ;
;    |T_FF:tff46|            ; 1 (0)       ; 1            ; 0          ; 0    ; 0            ; 0 (0)        ; 0 (0)             ; 1 (0)            ; 0 (0)           ; 0 (0)      ; |misc|T_FF:tff46           ; work         ;
;       |D_FF:dff0|          ; 1 (1)       ; 1            ; 0          ; 0    ; 0            ; 0 (0)        ; 0 (0)             ; 1 (1)            ; 0 (0)           ; 0 (0)      ; |misc|T_FF:tff46|D_FF:dff0 ; work         ;
;    |T_FF:tff47|            ; 1 (0)       ; 1            ; 0          ; 0    ; 0            ; 0 (0)        ; 0 (0)             ; 1 (0)            ; 0 (0)           ; 0 (0)      ; |misc|T_FF:tff47           ; work         ;
;       |D_FF:dff0|          ; 1 (1)       ; 1            ; 0          ; 0    ; 0            ; 0 (0)        ; 0 (0)             ; 1 (1)            ; 0 (0)           ; 0 (0)      ; |misc|T_FF:tff47|D_FF:dff0 ; work         ;
;    |T_FF:tff48|            ; 1 (0)       ; 1            ; 0          ; 0    ; 0            ; 0 (0)        ; 0 (0)             ; 1 (0)            ; 0 (0)           ; 0 (0)      ; |misc|T_FF:tff48           ; work         ;
;       |D_FF:dff0|          ; 1 (1)       ; 1            ; 0          ; 0    ; 0            ; 0 (0)        ; 0 (0)             ; 1 (1)            ; 0 (0)           ; 0 (0)      ; |misc|T_FF:tff48|D_FF:dff0 ; work         ;
;    |T_FF:tff49|            ; 1 (0)       ; 1            ; 0          ; 0    ; 0            ; 0 (0)        ; 0 (0)             ; 1 (0)            ; 0 (0)           ; 0 (0)      ; |misc|T_FF:tff49           ; work         ;
;       |D_FF:dff0|          ; 1 (1)       ; 1            ; 0          ; 0    ; 0            ; 0 (0)        ; 0 (0)             ; 1 (1)            ; 0 (0)           ; 0 (0)      ; |misc|T_FF:tff49|D_FF:dff0 ; work         ;
;    |T_FF:tff4|             ; 1 (0)       ; 1            ; 0          ; 0    ; 0            ; 0 (0)        ; 0 (0)             ; 1 (0)            ; 0 (0)           ; 0 (0)      ; |misc|T_FF:tff4            ; work         ;
;       |D_FF:dff0|          ; 1 (1)       ; 1            ; 0          ; 0    ; 0            ; 0 (0)        ; 0 (0)             ; 1 (1)            ; 0 (0)           ; 0 (0)      ; |misc|T_FF:tff4|D_FF:dff0  ; work         ;
;    |T_FF:tff50|            ; 1 (0)       ; 1            ; 0          ; 0    ; 0            ; 0 (0)        ; 0 (0)             ; 1 (0)            ; 0 (0)           ; 0 (0)      ; |misc|T_FF:tff50           ; work         ;
;       |D_FF:dff0|          ; 1 (1)       ; 1            ; 0          ; 0    ; 0            ; 0 (0)        ; 0 (0)             ; 1 (1)            ; 0 (0)           ; 0 (0)      ; |misc|T_FF:tff50|D_FF:dff0 ; work         ;
;    |T_FF:tff51|            ; 1 (0)       ; 1            ; 0          ; 0    ; 0            ; 0 (0)        ; 0 (0)             ; 1 (0)            ; 0 (0)           ; 0 (0)      ; |misc|T_FF:tff51           ; work         ;
;       |D_FF:dff0|          ; 1 (1)       ; 1            ; 0          ; 0    ; 0            ; 0 (0)        ; 0 (0)             ; 1 (1)            ; 0 (0)           ; 0 (0)      ; |misc|T_FF:tff51|D_FF:dff0 ; work         ;
;    |T_FF:tff52|            ; 1 (0)       ; 1            ; 0          ; 0    ; 0            ; 0 (0)        ; 0 (0)             ; 1 (0)            ; 0 (0)           ; 0 (0)      ; |misc|T_FF:tff52           ; work         ;
;       |D_FF:dff0|          ; 1 (1)       ; 1            ; 0          ; 0    ; 0            ; 0 (0)        ; 0 (0)             ; 1 (1)            ; 0 (0)           ; 0 (0)      ; |misc|T_FF:tff52|D_FF:dff0 ; work         ;
;    |T_FF:tff53|            ; 1 (0)       ; 1            ; 0          ; 0    ; 0            ; 0 (0)        ; 0 (0)             ; 1 (0)            ; 0 (0)           ; 0 (0)      ; |misc|T_FF:tff53           ; work         ;
;       |D_FF:dff0|          ; 1 (1)       ; 1            ; 0          ; 0    ; 0            ; 0 (0)        ; 0 (0)             ; 1 (1)            ; 0 (0)           ; 0 (0)      ; |misc|T_FF:tff53|D_FF:dff0 ; work         ;
;    |T_FF:tff54|            ; 1 (0)       ; 1            ; 0          ; 0    ; 0            ; 0 (0)        ; 0 (0)             ; 1 (0)            ; 0 (0)           ; 0 (0)      ; |misc|T_FF:tff54           ; work         ;
;       |D_FF:dff0|          ; 1 (1)       ; 1            ; 0          ; 0    ; 0            ; 0 (0)        ; 0 (0)             ; 1 (1)            ; 0 (0)           ; 0 (0)      ; |misc|T_FF:tff54|D_FF:dff0 ; work         ;
;    |T_FF:tff55|            ; 1 (0)       ; 1            ; 0          ; 0    ; 0            ; 0 (0)        ; 0 (0)             ; 1 (0)            ; 0 (0)           ; 0 (0)      ; |misc|T_FF:tff55           ; work         ;
;       |D_FF:dff0|          ; 1 (1)       ; 1            ; 0          ; 0    ; 0            ; 0 (0)        ; 0 (0)             ; 1 (1)            ; 0 (0)           ; 0 (0)      ; |misc|T_FF:tff55|D_FF:dff0 ; work         ;
;    |T_FF:tff56|            ; 1 (0)       ; 1            ; 0          ; 0    ; 0            ; 0 (0)        ; 0 (0)             ; 1 (0)            ; 0 (0)           ; 0 (0)      ; |misc|T_FF:tff56           ; work         ;
;       |D_FF:dff0|          ; 1 (1)       ; 1            ; 0          ; 0    ; 0            ; 0 (0)        ; 0 (0)             ; 1 (1)            ; 0 (0)           ; 0 (0)      ; |misc|T_FF:tff56|D_FF:dff0 ; work         ;
;    |T_FF:tff57|            ; 1 (0)       ; 1            ; 0          ; 0    ; 0            ; 0 (0)        ; 0 (0)             ; 1 (0)            ; 0 (0)           ; 0 (0)      ; |misc|T_FF:tff57           ; work         ;
;       |D_FF:dff0|          ; 1 (1)       ; 1            ; 0          ; 0    ; 0            ; 0 (0)        ; 0 (0)             ; 1 (1)            ; 0 (0)           ; 0 (0)      ; |misc|T_FF:tff57|D_FF:dff0 ; work         ;
;    |T_FF:tff58|            ; 1 (0)       ; 1            ; 0          ; 0    ; 0            ; 0 (0)        ; 0 (0)             ; 1 (0)            ; 0 (0)           ; 0 (0)      ; |misc|T_FF:tff58           ; work         ;
;       |D_FF:dff0|          ; 1 (1)       ; 1            ; 0          ; 0    ; 0            ; 0 (0)        ; 0 (0)             ; 1 (1)            ; 0 (0)           ; 0 (0)      ; |misc|T_FF:tff58|D_FF:dff0 ; work         ;
;    |T_FF:tff59|            ; 1 (0)       ; 1            ; 0          ; 0    ; 0            ; 0 (0)        ; 0 (0)             ; 1 (0)            ; 0 (0)           ; 0 (0)      ; |misc|T_FF:tff59           ; work         ;
;       |D_FF:dff0|          ; 1 (1)       ; 1            ; 0          ; 0    ; 0            ; 0 (0)        ; 0 (0)             ; 1 (1)            ; 0 (0)           ; 0 (0)      ; |misc|T_FF:tff59|D_FF:dff0 ; work         ;
;    |T_FF:tff5|             ; 1 (0)       ; 1            ; 0          ; 0    ; 0            ; 0 (0)        ; 0 (0)             ; 1 (0)            ; 0 (0)           ; 0 (0)      ; |misc|T_FF:tff5            ; work         ;
;       |D_FF:dff0|          ; 1 (1)       ; 1            ; 0          ; 0    ; 0            ; 0 (0)        ; 0 (0)             ; 1 (1)            ; 0 (0)           ; 0 (0)      ; |misc|T_FF:tff5|D_FF:dff0  ; work         ;
;    |T_FF:tff60|            ; 1 (0)       ; 1            ; 0          ; 0    ; 0            ; 0 (0)        ; 0 (0)             ; 1 (0)            ; 0 (0)           ; 0 (0)      ; |misc|T_FF:tff60           ; work         ;
;       |D_FF:dff0|          ; 1 (1)       ; 1            ; 0          ; 0    ; 0            ; 0 (0)        ; 0 (0)             ; 1 (1)            ; 0 (0)           ; 0 (0)      ; |misc|T_FF:tff60|D_FF:dff0 ; work         ;
;    |T_FF:tff61|            ; 1 (0)       ; 1            ; 0          ; 0    ; 0            ; 0 (0)        ; 0 (0)             ; 1 (0)            ; 0 (0)           ; 0 (0)      ; |misc|T_FF:tff61           ; work         ;
;       |D_FF:dff0|          ; 1 (1)       ; 1            ; 0          ; 0    ; 0            ; 0 (0)        ; 0 (0)             ; 1 (1)            ; 0 (0)           ; 0 (0)      ; |misc|T_FF:tff61|D_FF:dff0 ; work         ;
;    |T_FF:tff62|            ; 1 (0)       ; 1            ; 0          ; 0    ; 0            ; 0 (0)        ; 0 (0)             ; 1 (0)            ; 0 (0)           ; 0 (0)      ; |misc|T_FF:tff62           ; work         ;
;       |D_FF:dff0|          ; 1 (1)       ; 1            ; 0          ; 0    ; 0            ; 0 (0)        ; 0 (0)             ; 1 (1)            ; 0 (0)           ; 0 (0)      ; |misc|T_FF:tff62|D_FF:dff0 ; work         ;
;    |T_FF:tff63|            ; 1 (0)       ; 1            ; 0          ; 0    ; 0            ; 0 (0)        ; 0 (0)             ; 1 (0)            ; 0 (0)           ; 0 (0)      ; |misc|T_FF:tff63           ; work         ;
;       |D_FF:dff0|          ; 1 (1)       ; 1            ; 0          ; 0    ; 0            ; 0 (0)        ; 0 (0)             ; 1 (1)            ; 0 (0)           ; 0 (0)      ; |misc|T_FF:tff63|D_FF:dff0 ; work         ;
;    |T_FF:tff64|            ; 1 (0)       ; 1            ; 0          ; 0    ; 0            ; 0 (0)        ; 0 (0)             ; 1 (0)            ; 0 (0)           ; 0 (0)      ; |misc|T_FF:tff64           ; work         ;
;       |D_FF:dff0|          ; 1 (1)       ; 1            ; 0          ; 0    ; 0            ; 0 (0)        ; 0 (0)             ; 1 (1)            ; 0 (0)           ; 0 (0)      ; |misc|T_FF:tff64|D_FF:dff0 ; work         ;
;    |T_FF:tff6|             ; 1 (0)       ; 1            ; 0          ; 0    ; 0            ; 0 (0)        ; 0 (0)             ; 1 (0)            ; 0 (0)           ; 0 (0)      ; |misc|T_FF:tff6            ; work         ;
;       |D_FF:dff0|          ; 1 (1)       ; 1            ; 0          ; 0    ; 0            ; 0 (0)        ; 0 (0)             ; 1 (1)            ; 0 (0)           ; 0 (0)      ; |misc|T_FF:tff6|D_FF:dff0  ; work         ;
;    |T_FF:tff7|             ; 1 (0)       ; 1            ; 0          ; 0    ; 0            ; 0 (0)        ; 0 (0)             ; 1 (0)            ; 0 (0)           ; 0 (0)      ; |misc|T_FF:tff7            ; work         ;
;       |D_FF:dff0|          ; 1 (1)       ; 1            ; 0          ; 0    ; 0            ; 0 (0)        ; 0 (0)             ; 1 (1)            ; 0 (0)           ; 0 (0)      ; |misc|T_FF:tff7|D_FF:dff0  ; work         ;
;    |T_FF:tff8|             ; 1 (0)       ; 1            ; 0          ; 0    ; 0            ; 0 (0)        ; 0 (0)             ; 1 (0)            ; 0 (0)           ; 0 (0)      ; |misc|T_FF:tff8            ; work         ;
;       |D_FF:dff0|          ; 1 (1)       ; 1            ; 0          ; 0    ; 0            ; 0 (0)        ; 0 (0)             ; 1 (1)            ; 0 (0)           ; 0 (0)      ; |misc|T_FF:tff8|D_FF:dff0  ; work         ;
;    |T_FF:tff9|             ; 1 (0)       ; 1            ; 0          ; 0    ; 0            ; 0 (0)        ; 0 (0)             ; 1 (0)            ; 0 (0)           ; 0 (0)      ; |misc|T_FF:tff9            ; work         ;
;       |D_FF:dff0|          ; 1 (1)       ; 1            ; 0          ; 0    ; 0            ; 0 (0)        ; 0 (0)             ; 1 (1)            ; 0 (0)           ; 0 (0)      ; |misc|T_FF:tff9|D_FF:dff0  ; work         ;
+----------------------------+-------------+--------------+------------+------+--------------+--------------+-------------------+------------------+-----------------+------------+----------------------------+--------------+
Note: For table entries with two numbers listed, the numbers in parentheses indicate the number of resources of the given type used by the specific entity alone. The numbers listed outside of parentheses indicate the total resources of the given type used by the specific entity and all of its sub-entities in the hierarchy.


+------------------------------------------------------+
; General Register Statistics                          ;
+----------------------------------------------+-------+
; Statistic                                    ; Value ;
+----------------------------------------------+-------+
; Total registers                              ; 65    ;
; Number of registers using Synchronous Clear  ; 0     ;
; Number of registers using Synchronous Load   ; 0     ;
; Number of registers using Asynchronous Clear ; 65    ;
; Number of registers using Asynchronous Load  ; 0     ;
; Number of registers using Clock Enable       ; 0     ;
; Number of registers using Preset             ; 0     ;
+----------------------------------------------+-------+


+-------------------------------+
; Analysis & Synthesis Messages ;
+-------------------------------+
Info: *******************************************************************
Info: Running Quartus II 64-Bit Analysis & Synthesis
    Info: Version 15.0.0 Build 145 04/22/2015 SJ Web Edition
    Info: Processing started: Sun Nov  3 23:04:27 2019
Info: Command: quartus_map --read_settings_files=on --write_settings_files=off misc -c misc
Warning (20028): Parallel compilation is not licensed and has been disabled
Info (12021): Found 3 design units, including 3 entities, in source file misc.v
    Info (12023): Found entity 1: misc
    Info (12023): Found entity 2: T_FF
    Info (12023): Found entity 3: D_FF
Info (12127): Elaborating entity "misc" for the top level hierarchy
Info (12128): Elaborating entity "T_FF" for hierarchy "T_FF:tff0"
Info (12128): Elaborating entity "D_FF" for hierarchy "T_FF:tff0|D_FF:dff0"
Info (21057): Implemented 132 device resources after synthesis - the final resource count might be different
    Info (21058): Implemented 2 input pins
    Info (21059): Implemented 65 output pins
    Info (21061): Implemented 65 logic cells
Info: Quartus II 64-Bit Analysis & Synthesis was successful. 0 errors, 1 warning
    Info: Peak virtual memory: 928 megabytes
    Info: Processing ended: Sun Nov  3 23:04:41 2019
    Info: Elapsed time: 00:00:14
    Info: Total CPU time (on all processors): 00:00:35


