Release 14.6 - xst P.68d (lin64)
Copyright (c) 1995-2013 Xilinx, Inc.  All rights reserved.
--> 
Parameter TMPDIR set to xst/projnav.tmp


Total REAL time to Xst completion: 0.00 secs
Total CPU time to Xst completion: 0.06 secs
 
--> 
Parameter xsthdpdir set to xst


Total REAL time to Xst completion: 0.00 secs
Total CPU time to Xst completion: 0.06 secs
 
--> 
Reading design: ripple_carry_counter.prj

TABLE OF CONTENTS
  1) Synthesis Options Summary
  2) HDL Parsing
  3) HDL Elaboration
  4) HDL Synthesis
       4.1) HDL Synthesis Report
  5) Advanced HDL Synthesis
       5.1) Advanced HDL Synthesis Report
  6) Low Level Synthesis
  7) Partition Report
  8) Design Summary
       8.1) Primitive and Black Box Usage
       8.2) Device utilization summary
       8.3) Partition Resource Summary
       8.4) Timing Report
            8.4.1) Clock Information
            8.4.2) Asynchronous Control Signals Information
            8.4.3) Timing Summary
            8.4.4) Timing Details
            8.4.5) Cross Clock Domains Report


=========================================================================
*                      Synthesis Options Summary                        *
=========================================================================
---- Source Parameters
Input File Name                    : "ripple_carry_counter.prj"
Ignore Synthesis Constraint File   : NO

---- Target Parameters
Output File Name                   : "ripple_carry_counter"
Output Format                      : NGC
Target Device                      : xc6slx16-3-csg324

---- Source Options
Top Module Name                    : ripple_carry_counter
Automatic FSM Extraction           : YES
FSM Encoding Algorithm             : Auto
Safe Implementation                : No
FSM Style                          : LUT
RAM Extraction                     : Yes
RAM Style                          : Auto
ROM Extraction                     : Yes
Shift Register Extraction          : YES
ROM Style                          : Auto
Resource Sharing                   : YES
Asynchronous To Synchronous        : NO
Shift Register Minimum Size        : 2
Use DSP Block                      : Auto
Automatic Register Balancing       : No

---- Target Options
LUT Combining                      : Auto
Reduce Control Sets                : Auto
Add IO Buffers                     : YES
Global Maximum Fanout              : 100000
Add Generic Clock Buffer(BUFG)     : 16
Register Duplication               : YES
Optimize Instantiated Primitives   : NO
Use Clock Enable                   : Auto
Use Synchronous Set                : Auto
Use Synchronous Reset              : Auto
Pack IO Registers into IOBs        : Auto
Equivalent register Removal        : YES

---- General Options
Optimization Goal                  : Speed
Optimization Effort                : 1
Power Reduction                    : NO
Keep Hierarchy                     : No
Netlist Hierarchy                  : As_Optimized
RTL Output                         : Yes
Global Optimization                : AllClockNets
Read Cores                         : YES
Write Timing Constraints           : NO
Cross Clock Analysis               : NO
Hierarchy Separator                : /
Bus Delimiter                      : <>
Case Specifier                     : Maintain
Slice Utilization Ratio            : 100
BRAM Utilization Ratio             : 100
DSP48 Utilization Ratio            : 100
Auto BRAM Packing                  : NO
Slice Utilization Ratio Delta      : 5

=========================================================================


=========================================================================
*                          HDL Parsing                                  *
=========================================================================
Analyzing Verilog file "/opt/verilog/verilog-ripple-counter/ripple.v" into library work
Parsing module <ripple_carry_counter>.
Parsing module <T_FF>.
Parsing module <D_FF>.

=========================================================================
*                            HDL Elaboration                            *
=========================================================================

Elaborating module <ripple_carry_counter>.

Elaborating module <T_FF>.

Elaborating module <D_FF>.

=========================================================================
*                           HDL Synthesis                               *
=========================================================================

Synthesizing Unit <ripple_carry_counter>.
    Related source file is "/opt/verilog/verilog-ripple-counter/ripple.v".
    Summary:
	no macro.
Unit <ripple_carry_counter> synthesized.

Synthesizing Unit <T_FF>.
    Related source file is "/opt/verilog/verilog-ripple-counter/ripple.v".
    Summary:
	no macro.
Unit <T_FF> synthesized.

Synthesizing Unit <D_FF>.
    Related source file is "/opt/verilog/verilog-ripple-counter/ripple.v".
    Found 1-bit register for signal <q>.
    Summary:
	inferred   1 D-type flip-flop(s).
Unit <D_FF> synthesized.

=========================================================================
HDL Synthesis Report

Macro Statistics
# Registers                                            : 4
 1-bit register                                        : 4

=========================================================================

=========================================================================
*                       Advanced HDL Synthesis                          *
=========================================================================


=========================================================================
Advanced HDL Synthesis Report

Macro Statistics
# Registers                                            : 4
 Flip-Flops                                            : 4

=========================================================================

=========================================================================
*                         Low Level Synthesis                           *
=========================================================================

Optimizing unit <ripple_carry_counter> ...

Mapping all equations...
Building and optimizing final netlist ...
Found area constraint ratio of 100 (+ 5) on block ripple_carry_counter, actual ratio is 0.

Final Macro Processing ...

=========================================================================
Final Register Report

Macro Statistics
# Registers                                            : 4
 Flip-Flops                                            : 4

=========================================================================

=========================================================================
*                           Partition Report                            *
=========================================================================

Partition Implementation Status
-------------------------------

  No Partitions were found in this design.

-------------------------------

=========================================================================
*                            Design Summary                             *
=========================================================================

Top Level Output File Name         : ripple_carry_counter.ngc

Primitive and Black Box Usage:
------------------------------
# BELS                             : 4
#      INV                         : 4
# FlipFlops/Latches                : 4
#      FDC_1                       : 4
# Clock Buffers                    : 1
#      BUFGP                       : 1
# IO Buffers                       : 5
#      IBUF                        : 1
#      OBUF                        : 4

Device utilization summary:
---------------------------

Selected Device : 6slx16csg324-3 


Slice Logic Utilization: 
 Number of Slice Registers:               4  out of  18224     0%  
 Number of Slice LUTs:                    4  out of   9112     0%  
    Number used as Logic:                 4  out of   9112     0%  

Slice Logic Distribution: 
 Number of LUT Flip Flop pairs used:      8
   Number with an unused Flip Flop:       4  out of      8    50%  
   Number with an unused LUT:             4  out of      8    50%  
   Number of fully used LUT-FF pairs:     0  out of      8     0%  
   Number of unique control sets:         4

IO Utilization: 
 Number of IOs:                           6
 Number of bonded IOBs:                   6  out of    232     2%  

Specific Feature Utilization:
 Number of BUFG/BUFGCTRLs:                1  out of     16     6%  

---------------------------
Partition Resource Summary:
---------------------------

  No Partitions were found in this design.

---------------------------


=========================================================================
Timing Report

NOTE: THESE TIMING NUMBERS ARE ONLY A SYNTHESIS ESTIMATE.
      FOR ACCURATE TIMING INFORMATION PLEASE REFER TO THE TRACE REPORT
      GENERATED AFTER PLACE-and-ROUTE.

Clock Information:
------------------
-----------------------------------+------------------------+-------+
Clock Signal                       | Clock buffer(FF name)  | Load  |
-----------------------------------+------------------------+-------+
clk                                | BUFGP                  | 1     |
tff0/dff0/q                        | NONE(tff1/dff0/q)      | 1     |
tff1/dff0/q                        | NONE(tff2/dff0/q)      | 1     |
tff2/dff0/q                        | NONE(tff3/dff0/q)      | 1     |
-----------------------------------+------------------------+-------+
INFO:Xst:2169 - HDL ADVISOR - Some clock signals were not automatically buffered by XST with BUFG/BUFR resources. Please use the buffer_type constraint in order to insert these buffers to the clock signals to help prevent skew problems.

Asynchronous Control Signals Information:
----------------------------------------
No asynchronous control signals found in this design

Timing Summary:
---------------
Speed Grade: -3

   Minimum period: 1.984ns (Maximum Frequency: 504.007MHz)
   Minimum input arrival time before clock: 2.335ns
   Maximum output required time after clock: 3.668ns
   Maximum combinational path delay: No path found

Timing Details:
---------------
All values displayed in nanoseconds (ns)

=========================================================================
Timing constraint: Default period analysis for Clock 'clk'
  Clock period: 1.984ns (frequency: 504.007MHz)
  Total number of paths / destination ports: 1 / 1
-------------------------------------------------------------------------
Delay:               1.984ns (Levels of Logic = 1)
  Source:            tff0/dff0/q (FF)
  Destination:       tff0/dff0/q (FF)
  Source Clock:      clk falling
  Destination Clock: clk falling

  Data Path: tff0/dff0/q to tff0/dff0/q
                                Gate     Net
    Cell:in->out      fanout   Delay   Delay  Logical Name (Net Name)
    ----------------------------------------  ------------
     FDC_1:C->Q            3   0.447   0.650  tff0/dff0/q (tff0/dff0/q)
     INV:I->O              1   0.206   0.579  tff0/d1_INV_0 (tff0/d)
     FDC_1:D                   0.102          tff0/dff0/q
    ----------------------------------------
    Total                      1.984ns (0.755ns logic, 1.229ns route)
                                       (38.1% logic, 61.9% route)

=========================================================================
Timing constraint: Default period analysis for Clock 'tff0/dff0/q'
  Clock period: 1.984ns (frequency: 504.007MHz)
  Total number of paths / destination ports: 1 / 1
-------------------------------------------------------------------------
Delay:               1.984ns (Levels of Logic = 1)
  Source:            tff1/dff0/q (FF)
  Destination:       tff1/dff0/q (FF)
  Source Clock:      tff0/dff0/q falling
  Destination Clock: tff0/dff0/q falling

  Data Path: tff1/dff0/q to tff1/dff0/q
                                Gate     Net
    Cell:in->out      fanout   Delay   Delay  Logical Name (Net Name)
    ----------------------------------------  ------------
     FDC_1:C->Q            3   0.447   0.650  tff1/dff0/q (tff1/dff0/q)
     INV:I->O              1   0.206   0.579  tff1/d1_INV_0 (tff1/d)
     FDC_1:D                   0.102          tff1/dff0/q
    ----------------------------------------
    Total                      1.984ns (0.755ns logic, 1.229ns route)
                                       (38.1% logic, 61.9% route)

=========================================================================
Timing constraint: Default period analysis for Clock 'tff1/dff0/q'
  Clock period: 1.984ns (frequency: 504.007MHz)
  Total number of paths / destination ports: 1 / 1
-------------------------------------------------------------------------
Delay:               1.984ns (Levels of Logic = 1)
  Source:            tff2/dff0/q (FF)
  Destination:       tff2/dff0/q (FF)
  Source Clock:      tff1/dff0/q falling
  Destination Clock: tff1/dff0/q falling

  Data Path: tff2/dff0/q to tff2/dff0/q
                                Gate     Net
    Cell:in->out      fanout   Delay   Delay  Logical Name (Net Name)
    ----------------------------------------  ------------
     FDC_1:C->Q            3   0.447   0.650  tff2/dff0/q (tff2/dff0/q)
     INV:I->O              1   0.206   0.579  tff2/d1_INV_0 (tff2/d)
     FDC_1:D                   0.102          tff2/dff0/q
    ----------------------------------------
    Total                      1.984ns (0.755ns logic, 1.229ns route)
                                       (38.1% logic, 61.9% route)

=========================================================================
Timing constraint: Default period analysis for Clock 'tff2/dff0/q'
  Clock period: 1.950ns (frequency: 512.794MHz)
  Total number of paths / destination ports: 1 / 1
-------------------------------------------------------------------------
Delay:               1.950ns (Levels of Logic = 1)
  Source:            tff3/dff0/q (FF)
  Destination:       tff3/dff0/q (FF)
  Source Clock:      tff2/dff0/q falling
  Destination Clock: tff2/dff0/q falling

  Data Path: tff3/dff0/q to tff3/dff0/q
                                Gate     Net
    Cell:in->out      fanout   Delay   Delay  Logical Name (Net Name)
    ----------------------------------------  ------------
     FDC_1:C->Q            2   0.447   0.616  tff3/dff0/q (tff3/dff0/q)
     INV:I->O              1   0.206   0.579  tff3/d1_INV_0 (tff3/d)
     FDC_1:D                   0.102          tff3/dff0/q
    ----------------------------------------
    Total                      1.950ns (0.755ns logic, 1.195ns route)
                                       (38.7% logic, 61.3% route)

=========================================================================
Timing constraint: Default OFFSET IN BEFORE for Clock 'clk'
  Total number of paths / destination ports: 1 / 1
-------------------------------------------------------------------------
Offset:              2.335ns (Levels of Logic = 1)
  Source:            reset (PAD)
  Destination:       tff0/dff0/q (FF)
  Destination Clock: clk falling

  Data Path: reset to tff0/dff0/q
                                Gate     Net
    Cell:in->out      fanout   Delay   Delay  Logical Name (Net Name)
    ----------------------------------------  ------------
     IBUF:I->O             4   1.222   0.683  reset_IBUF (reset_IBUF)
     FDC_1:CLR                 0.430          tff0/dff0/q
    ----------------------------------------
    Total                      2.335ns (1.652ns logic, 0.683ns route)
                                       (70.8% logic, 29.2% route)

=========================================================================
Timing constraint: Default OFFSET IN BEFORE for Clock 'tff0/dff0/q'
  Total number of paths / destination ports: 1 / 1
-------------------------------------------------------------------------
Offset:              2.335ns (Levels of Logic = 1)
  Source:            reset (PAD)
  Destination:       tff1/dff0/q (FF)
  Destination Clock: tff0/dff0/q falling

  Data Path: reset to tff1/dff0/q
                                Gate     Net
    Cell:in->out      fanout   Delay   Delay  Logical Name (Net Name)
    ----------------------------------------  ------------
     IBUF:I->O             4   1.222   0.683  reset_IBUF (reset_IBUF)
     FDC_1:CLR                 0.430          tff1/dff0/q
    ----------------------------------------
    Total                      2.335ns (1.652ns logic, 0.683ns route)
                                       (70.8% logic, 29.2% route)

=========================================================================
Timing constraint: Default OFFSET IN BEFORE for Clock 'tff1/dff0/q'
  Total number of paths / destination ports: 1 / 1
-------------------------------------------------------------------------
Offset:              2.335ns (Levels of Logic = 1)
  Source:            reset (PAD)
  Destination:       tff2/dff0/q (FF)
  Destination Clock: tff1/dff0/q falling

  Data Path: reset to tff2/dff0/q
                                Gate     Net
    Cell:in->out      fanout   Delay   Delay  Logical Name (Net Name)
    ----------------------------------------  ------------
     IBUF:I->O             4   1.222   0.683  reset_IBUF (reset_IBUF)
     FDC_1:CLR                 0.430          tff2/dff0/q
    ----------------------------------------
    Total                      2.335ns (1.652ns logic, 0.683ns route)
                                       (70.8% logic, 29.2% route)

=========================================================================
Timing constraint: Default OFFSET IN BEFORE for Clock 'tff2/dff0/q'
  Total number of paths / destination ports: 1 / 1
-------------------------------------------------------------------------
Offset:              2.335ns (Levels of Logic = 1)
  Source:            reset (PAD)
  Destination:       tff3/dff0/q (FF)
  Destination Clock: tff2/dff0/q falling

  Data Path: reset to tff3/dff0/q
                                Gate     Net
    Cell:in->out      fanout   Delay   Delay  Logical Name (Net Name)
    ----------------------------------------  ------------
     IBUF:I->O             4   1.222   0.683  reset_IBUF (reset_IBUF)
     FDC_1:CLR                 0.430          tff3/dff0/q
    ----------------------------------------
    Total                      2.335ns (1.652ns logic, 0.683ns route)
                                       (70.8% logic, 29.2% route)

=========================================================================
Timing constraint: Default OFFSET OUT AFTER for Clock 'tff2/dff0/q'
  Total number of paths / destination ports: 1 / 1
-------------------------------------------------------------------------
Offset:              3.634ns (Levels of Logic = 1)
  Source:            tff3/dff0/q (FF)
  Destination:       q<3> (PAD)
  Source Clock:      tff2/dff0/q falling

  Data Path: tff3/dff0/q to q<3>
                                Gate     Net
    Cell:in->out      fanout   Delay   Delay  Logical Name (Net Name)
    ----------------------------------------  ------------
     FDC_1:C->Q            2   0.447   0.616  tff3/dff0/q (tff3/dff0/q)
     OBUF:I->O                 2.571          q_3_OBUF (q<3>)
    ----------------------------------------
    Total                      3.634ns (3.018ns logic, 0.616ns route)
                                       (83.0% logic, 17.0% route)

=========================================================================
Timing constraint: Default OFFSET OUT AFTER for Clock 'tff1/dff0/q'
  Total number of paths / destination ports: 1 / 1
-------------------------------------------------------------------------
Offset:              3.668ns (Levels of Logic = 1)
  Source:            tff2/dff0/q (FF)
  Destination:       q<2> (PAD)
  Source Clock:      tff1/dff0/q falling

  Data Path: tff2/dff0/q to q<2>
                                Gate     Net
    Cell:in->out      fanout   Delay   Delay  Logical Name (Net Name)
    ----------------------------------------  ------------
     FDC_1:C->Q            3   0.447   0.650  tff2/dff0/q (tff2/dff0/q)
     OBUF:I->O                 2.571          q_2_OBUF (q<2>)
    ----------------------------------------
    Total                      3.668ns (3.018ns logic, 0.650ns route)
                                       (82.3% logic, 17.7% route)

=========================================================================
Timing constraint: Default OFFSET OUT AFTER for Clock 'tff0/dff0/q'
  Total number of paths / destination ports: 1 / 1
-------------------------------------------------------------------------
Offset:              3.668ns (Levels of Logic = 1)
  Source:            tff1/dff0/q (FF)
  Destination:       q<1> (PAD)
  Source Clock:      tff0/dff0/q falling

  Data Path: tff1/dff0/q to q<1>
                                Gate     Net
    Cell:in->out      fanout   Delay   Delay  Logical Name (Net Name)
    ----------------------------------------  ------------
     FDC_1:C->Q            3   0.447   0.650  tff1/dff0/q (tff1/dff0/q)
     OBUF:I->O                 2.571          q_1_OBUF (q<1>)
    ----------------------------------------
    Total                      3.668ns (3.018ns logic, 0.650ns route)
                                       (82.3% logic, 17.7% route)

=========================================================================
Timing constraint: Default OFFSET OUT AFTER for Clock 'clk'
  Total number of paths / destination ports: 1 / 1
-------------------------------------------------------------------------
Offset:              3.668ns (Levels of Logic = 1)
  Source:            tff0/dff0/q (FF)
  Destination:       q<0> (PAD)
  Source Clock:      clk falling

  Data Path: tff0/dff0/q to q<0>
                                Gate     Net
    Cell:in->out      fanout   Delay   Delay  Logical Name (Net Name)
    ----------------------------------------  ------------
     FDC_1:C->Q            3   0.447   0.650  tff0/dff0/q (tff0/dff0/q)
     OBUF:I->O                 2.571          q_0_OBUF (q<0>)
    ----------------------------------------
    Total                      3.668ns (3.018ns logic, 0.650ns route)
                                       (82.3% logic, 17.7% route)

=========================================================================

Cross Clock Domains Report:
--------------------------

Clock to Setup on destination clock clk
---------------+---------+---------+---------+---------+
               | Src:Rise| Src:Fall| Src:Rise| Src:Fall|
Source Clock   |Dest:Rise|Dest:Rise|Dest:Fall|Dest:Fall|
---------------+---------+---------+---------+---------+
clk            |         |         |    1.984|         |
---------------+---------+---------+---------+---------+

Clock to Setup on destination clock tff0/dff0/q
---------------+---------+---------+---------+---------+
               | Src:Rise| Src:Fall| Src:Rise| Src:Fall|
Source Clock   |Dest:Rise|Dest:Rise|Dest:Fall|Dest:Fall|
---------------+---------+---------+---------+---------+
tff0/dff0/q    |         |         |    1.984|         |
---------------+---------+---------+---------+---------+

Clock to Setup on destination clock tff1/dff0/q
---------------+---------+---------+---------+---------+
               | Src:Rise| Src:Fall| Src:Rise| Src:Fall|
Source Clock   |Dest:Rise|Dest:Rise|Dest:Fall|Dest:Fall|
---------------+---------+---------+---------+---------+
tff1/dff0/q    |         |         |    1.984|         |
---------------+---------+---------+---------+---------+

Clock to Setup on destination clock tff2/dff0/q
---------------+---------+---------+---------+---------+
               | Src:Rise| Src:Fall| Src:Rise| Src:Fall|
Source Clock   |Dest:Rise|Dest:Rise|Dest:Fall|Dest:Fall|
---------------+---------+---------+---------+---------+
tff2/dff0/q    |         |         |    1.950|         |
---------------+---------+---------+---------+---------+

=========================================================================


Total REAL time to Xst completion: 6.00 secs
Total CPU time to Xst completion: 5.53 secs
 
--> 


Total memory usage is 372284 kilobytes

Number of errors   :    0 (   0 filtered)
Number of warnings :    0 (   0 filtered)
Number of infos    :    1 (   0 filtered)

